<?xml version="1.0" encoding="UTF-8"?>
<!-- Generated by org.testng.reporters.JUnitReportReporter -->
<testsuite skipped="0" hostname="DESKTOP-CAVB348" name="testcases.ListerUsage" tests="1" failures="0" timestamp="2022-07-27T18:10:19 IST" time="0.018" errors="0">
  <testcase name="test" time="0.018" classname="testcases.ListerUsage"/>
  <system-out/>
</testsuite> <!-- testcases.ListerUsage -->
