<?xml version="1.0" encoding="UTF-8"?>
<!-- Generated by org.testng.reporters.JUnitReportReporter -->
<testsuite skipped="0" hostname="DESKTOP-CAVB348" name="testcases.Annotations" tests="2" failures="0" timestamp="2022-07-25T18:00:35 IST" time="0.011" errors="0">
  <testcase name="annotation1" time="0.006" classname="testcases.Annotations"/>
  <system-out/>
  <testcase name="annotation2" time="0.005" classname="testcases.Annotations"/>
  <system-out/>
</testsuite> <!-- testcases.Annotations -->
