<?xml version="1.0" encoding="UTF-8"?>
<!-- Generated by org.testng.reporters.JUnitReportReporter -->
<testsuite skipped="0" hostname="DESKTOP-CAVB348" name="testcases.MoreAnnotations" tests="3" failures="0" timestamp="2022-07-26T22:41:43 IST" time="0.026" errors="0">
  <testcase name="test1" time="0.021" classname="testcases.MoreAnnotations"/>
  <system-out/>
  <testcase name="test4" time="0.003" classname="testcases.MoreAnnotations"/>
  <system-out/>
  <testcase name="test2" time="0.002" classname="testcases.MoreAnnotations"/>
  <system-out/>
</testsuite> <!-- testcases.MoreAnnotations -->
